CMake Warning:
  Ignoring empty string ("") provided on the command line.


-- The C compiler identification is GNU 11.4.0
-- Detecting C compiler ABI info
-- Detecting C compiler ABI info - done
-- Check for working C compiler: /usr/bin/cc - skipped
-- Detecting C compile features
-- Detecting C compile features - done
-- name: cjson
-- current platform: Linux 
-- libs in: /home/runner/work/libs/libs/module/cjson/../../libs
-- SRC_DIRS:/home/runner/work/libs/libs/module/cjson/src
-- SRCS:/home/runner/work/libs/libs/module/cjson/src/cJSON.c
-- 1.7.15
-- 1.7.15
-- new version: 1.7.15
-- old version: 1.7.15
CMake Warning at /home/runner/work/libs/libs/libs/tools/build_lib.cmake:260 (message):
  new version not found!
Call Stack (most recent call first):
  /home/runner/work/libs/libs/libs/tools/build_lib.cmake:128 (_share_lib_add)
  /home/runner/work/libs/libs/libs/tools/build_lib.cmake:160 (share_lib_add)
  CMakeLists.txt:8 (project_share_lib)


-- extra_lib_path: /home/runner/work/libs/libs/module/cjson/../../libs/bin/linux
-- extra_lib_path: /home/runner/work/libs/libs/module/cjson/../../libs/bin/linux
-- INCLUDE_path: /home/runner/work/libs/libs/module/cjson/include
-- INCLUDE_path: /home/runner/work/libs/libs/libs/include
CMake Warning at /home/runner/work/libs/libs/libs/tools/build_lib.cmake:283 (message):
  no new version found! will not install
Call Stack (most recent call first):
  /home/runner/work/libs/libs/libs/tools/build_lib.cmake:128 (_share_lib_add)
  /home/runner/work/libs/libs/libs/tools/build_lib.cmake:160 (share_lib_add)
  CMakeLists.txt:8 (project_share_lib)


-- Configuring done (3.9s)
-- Generating done (0.0s)
-- Build files have been written to: /home/runner/work/libs/libs/module/cjson/build
[ 50%] Building C object CMakeFiles/cjson.dir/src/cJSON.c.o
[100%] Linking C shared library libcjson.so
[100%] Built target cjson
Install the project...
-- Install configuration: ""
