-- The C compiler identification is GNU 11.2.0
-- Detecting C compiler ABI info
-- Detecting C compiler ABI info - done
-- Check for working C compiler: C:/ProgramData/chocolatey/bin/gcc.exe - skipped
-- Detecting C compile features
-- Detecting C compile features - done
-- name: trial_manager
-- current platform: Windows 
-- current compiler: mingw
-- libs in: D:/a/libs/libs/module/trial_manager/../../libs
-- SRC_DIRS:D:/a/libs/libs/module/trial_manager/src
-- SRCS:D:/a/libs/libs/module/trial_manager/src/trial_manager.c
-- 0.0.3
-- 0.0.3
-- new version: 0.0.3
-- old version: 0.0.3
CMake Warning at D:/a/libs/libs/libs/tools/build_lib.cmake:242 (message):
  new version not found!
Call Stack (most recent call first):
  D:/a/libs/libs/libs/tools/build_lib.cmake:112 (_share_lib_add)
  D:/a/libs/libs/libs/tools/build_lib.cmake:144 (share_lib_add)
  CMakeLists.txt:8 (project_share_lib)


-- extra_lib_path: D:/a/libs/libs/module/trial_manager/../../libs/dll/windows/mingw/osal;D:/a/libs/libs/module/trial_manager/../../libs/dll/windows/mingw/cJSON
-- extra_lib_path: 
CMake Warning at D:/a/libs/libs/libs/tools/build_lib.cmake:265 (message):
  no new version found! will not install
Call Stack (most recent call first):
  D:/a/libs/libs/libs/tools/build_lib.cmake:112 (_share_lib_add)
  D:/a/libs/libs/libs/tools/build_lib.cmake:144 (share_lib_add)
  CMakeLists.txt:8 (project_share_lib)


-- Configuring done (15.6s)
-- Generating done (0.0s)
-- Build files have been written to: D:/a/libs/libs/module/trial_manager/build
[ 50%] [32mBuilding C object CMakeFiles/trial_manager.dir/src/trial_manager.c.obj[0m
[100%] [32m[1mLinking C shared library libtrial_manager.dll[0m
[100%] Built target trial_manager
[36mInstall the project...[0m
-- Install configuration: ""
