-- The C compiler identification is MSVC 19.35.32217.1
-- Detecting C compiler ABI info
-- Detecting C compiler ABI info - done
-- Check for working C compiler: C:/Program Files/Microsoft Visual Studio/2022/Enterprise/VC/Tools/MSVC/14.35.32215/bin/HostX64/x64/cl.exe - skipped
-- Detecting C compile features
-- Detecting C compile features - done
-- name: device_manager
-- current platform: Windows 
-- current compiler: msvc
-- libs in: D:/a/libs/libs/module/device_manager/../../libs
-- SRC_DIRS:D:/a/libs/libs/module/device_manager/src
-- SRCS:D:/a/libs/libs/module/device_manager/src/device_manager.c
-- 0.0.5
-- 0.0.5
-- new version: 0.0.5
-- old version: 0.0.5
-- extra_lib_path: D:/a/libs/libs/module/device_manager/../../libs/bin/msvc
-- extra_lib_path: D:/a/libs/libs/module/device_manager/../../libs/bin/msvc
-- INCLUDE_path: D:/a/libs/libs/module/device_manager/include
-- INCLUDE_path: D:/a/libs/libs/libs/include
-- Configuring done (16.7s)
CMake Warning at D:/a/libs/libs/libs/tools/build_lib.cmake:260 (message):
  new version not found!
Call Stack (most recent call first):
  D:/a/libs/libs/libs/tools/build_lib.cmake:128 (_share_lib_add)
  D:/a/libs/libs/libs/tools/build_lib.cmake:160 (share_lib_add)
  CMakeLists.txt:8 (project_share_lib)


CMake Warning at D:/a/libs/libs/libs/tools/build_lib.cmake:283 (message):
  no new version found! will not install
Call Stack (most recent call first):
  D:/a/libs/libs/libs/tools/build_lib.cmake:128 (_share_lib_add)
  D:/a/libs/libs/libs/tools/build_lib.cmake:160 (share_lib_add)
  CMakeLists.txt:8 (project_share_lib)


-- Generating done (0.0s)
-- Build files have been written to: D:/a/libs/libs/module/device_manager/build
MSBuild version 17.7.2+d6990bcfa for .NET Framework

  1>Checking Build System
  Building Custom Rule D:/a/libs/libs/module/device_manager/CMakeLists.txt
  device_manager.c
D:\a\libs\libs\module\device_manager\src\device_manager.c(50,59): warning C4047: 'function': 'char *const ' differs in levels of indirection from 'char (*)[128]' [D:\a\libs\libs\module\device_manager\build\device_manager.vcxproj]
D:\a\libs\libs\module\device_manager\src\device_manager.c(50,14): warning C4024: 'snprintf': different types for formal and actual parameter 1 [D:\a\libs\libs\module\device_manager\build\device_manager.vcxproj]
D:\a\libs\libs\module\device_manager\src\device_manager.c(73,55): warning C4047: 'function': 'char *const ' differs in levels of indirection from 'char (*)[128]' [D:\a\libs\libs\module\device_manager\build\device_manager.vcxproj]
D:\a\libs\libs\module\device_manager\src\device_manager.c(73,14): warning C4024: 'snprintf': different types for formal and actual parameter 1 [D:\a\libs\libs\module\device_manager\build\device_manager.vcxproj]
D:\a\libs\libs\module\device_manager\src\device_manager.c(96,54): warning C4047: 'function': 'char *const ' differs in levels of indirection from 'char (*)[128]' [D:\a\libs\libs\module\device_manager\build\device_manager.vcxproj]
D:\a\libs\libs\module\device_manager\src\device_manager.c(96,14): warning C4024: 'snprintf': different types for formal and actual parameter 1 [D:\a\libs\libs\module\device_manager\build\device_manager.vcxproj]
D:\a\libs\libs\module\device_manager\src\device_manager.c(119,57): warning C4047: 'function': 'char *const ' differs in levels of indirection from 'char (*)[128]' [D:\a\libs\libs\module\device_manager\build\device_manager.vcxproj]
D:\a\libs\libs\module\device_manager\src\device_manager.c(119,14): warning C4024: 'snprintf': different types for formal and actual parameter 1 [D:\a\libs\libs\module\device_manager\build\device_manager.vcxproj]
D:\a\libs\libs\module\device_manager\src\device_manager.c(152,18): warning C4047: 'return': 'device_handle_t' differs in levels of indirection from 'int' [D:\a\libs\libs\module\device_manager\build\device_manager.vcxproj]
D:\a\libs\libs\module\device_manager\src\device_manager.c(154,5): warning C4477: 'printf' : format string '%d' requires an argument of type 'int', but variadic argument 2 has type 'size_t' [D:\a\libs\libs\module\device_manager\build\device_manager.vcxproj]
D:\a\libs\libs\module\device_manager\src\device_manager.c(154,5): message : consider using '%zd' in the format string [D:\a\libs\libs\module\device_manager\build\device_manager.vcxproj]
D:\a\libs\libs\module\device_manager\src\device_manager.c(154,5): warning C4477: 'printf' : format string '%d' requires an argument of type 'int', but variadic argument 3 has type 'size_t' [D:\a\libs\libs\module\device_manager\build\device_manager.vcxproj]
D:\a\libs\libs\module\device_manager\src\device_manager.c(154,5): message : consider using '%zd' in the format string [D:\a\libs\libs\module\device_manager\build\device_manager.vcxproj]
D:\a\libs\libs\module\device_manager\src\device_manager.c(160,36): warning C4312: 'type cast': conversion from 'int' to 'device_handle_t' of greater size [D:\a\libs\libs\module\device_manager\build\device_manager.vcxproj]
D:\a\libs\libs\module\device_manager\src\device_manager.c(155,9): warning C4047: 'initializing': 'int' differs in levels of indirection from 'device_handle_t' [D:\a\libs\libs\module\device_manager\build\device_manager.vcxproj]
D:\a\libs\libs\module\device_manager\src\device_manager.c(166,30): warning C4311: 'type cast': pointer truncation from 'device_handle_t' to 'int' [D:\a\libs\libs\module\device_manager\build\device_manager.vcxproj]
D:\a\libs\libs\module\device_manager\src\device_manager.c(176,30): warning C4311: 'type cast': pointer truncation from 'device_handle_t' to 'int' [D:\a\libs\libs\module\device_manager\build\device_manager.vcxproj]
D:\a\libs\libs\module\device_manager\src\device_manager.c(186,30): warning C4311: 'type cast': pointer truncation from 'device_handle_t' to 'int' [D:\a\libs\libs\module\device_manager\build\device_manager.vcxproj]
     Creating library D:/a/libs/libs/module/device_manager/build/Debug/device_manager.lib and object D:/a/libs/libs/module/device_manager/build/Debug/device_manager.exp
  device_manager.vcxproj -> D:\a\libs\libs\module\device_manager\build\Debug\device_manager.dll
  Building Custom Rule D:/a/libs/libs/module/device_manager/CMakeLists.txt
  1>
  -- Install configuration: "Debug"
